<?xml version="1.0" encoding="UTF-8"?>
<testsuite name="com.sun.jsftemplating.layout.template.TemplateWriterTest" time="63.661" tests="1" errors="1" skipped="0" failures="0">
  <properties>
[...]
</properties>
  <testcase name="testWrite1" classname="com.sun.jsftemplating.layout.template.TemplateWriterTest" time="63.661">
    <error message="java.net.NoRouteToHostException: No route to host" type="java.lang.RuntimeException"><![CDATA[java.lang.RuntimeException: java.net.NoRouteToHostException: No route to host
	at java.net.PlainSocketImpl.socketConnect(Native Method)
	at java.net.AbstractPlainSocketImpl.doConnect(AbstractPlainSocketImpl.java:350)
	at java.net.AbstractPlainSocketImpl.connectToAddress(AbstractPlainSocketImpl.java:206)
	at java.net.AbstractPlainSocketImpl.connect(AbstractPlainSocketImpl.java:188)
	at java.net.SocksSocketImpl.connect(SocksSocketImpl.java:392)
	at java.net.Socket.connect(Socket.java:589)
	at java.net.Socket.connect(Socket.java:538)
	at sun.net.NetworkClient.doConnect(NetworkClient.java:180)
	at sun.net.www.http.HttpClient.openServer(HttpClient.java:432)
	at sun.net.www.http.HttpClient.openServer(HttpClient.java:527)
	at sun.net.www.http.HttpClient.<init>(HttpClient.java:211)
	at sun.net.www.http.HttpClient.New(HttpClient.java:308)
	at sun.net.www.http.HttpClient.New(HttpClient.java:326)
	at sun.net.www.protocol.http.HttpURLConnection.getNewHttpClient(HttpURLConnection.java:1168)
	at sun.net.www.protocol.http.HttpURLConnection.plainConnect0(HttpURLConnection.java:1104)
	at sun.net.www.protocol.http.HttpURLConnection.plainConnect(HttpURLConnection.java:998)
	at sun.net.www.protocol.http.HttpURLConnection.connect(HttpURLConnection.java:932)
	at sun.net.www.protocol.http.HttpURLConnection.followRedirect0(HttpURLConnection.java:2661)
	at sun.net.www.protocol.http.HttpURLConnection.followRedirect(HttpURLConnection.java:2583)
	at sun.net.www.protocol.http.HttpURLConnection.getInputStream0(HttpURLConnection.java:1769)
	at sun.net.www.protocol.http.HttpURLConnection.getInputStream(HttpURLConnection.java:1440)
	at com.sun.org.apache.xerces.internal.impl.XMLEntityManager.setupCurrentEntity(XMLEntityManager.java:646)
	at com.sun.org.apache.xerces.internal.impl.XMLEntityManager.startEntity(XMLEntityManager.java:1300)
	at com.sun.org.apache.xerces.internal.impl.XMLEntityManager.startDTDEntity(XMLEntityManager.java:1267)
	at com.sun.org.apache.xerces.internal.impl.XMLDTDScannerImpl.setInputSource(XMLDTDScannerImpl.java:263)
	at com.sun.org.apache.xerces.internal.impl.XMLDocumentScannerImpl$DTDDriver.dispatch(XMLDocumentScannerImpl.java:1164)
	at com.sun.org.apache.xerces.internal.impl.XMLDocumentScannerImpl$DTDDriver.next(XMLDocumentScannerImpl.java:1050)
	at com.sun.org.apache.xerces.internal.impl.XMLDocumentScannerImpl$PrologDriver.next(XMLDocumentScannerImpl.java:964)
	at com.sun.org.apache.xerces.internal.impl.XMLDocumentScannerImpl.next(XMLDocumentScannerImpl.java:606)
	at com.sun.org.apache.xerces.internal.impl.XMLNSDocumentScannerImpl.next(XMLNSDocumentScannerImpl.java:117)
	at com.sun.org.apache.xerces.internal.impl.XMLDocumentFragmentScannerImpl.scanDocument(XMLDocumentFragmentScannerImpl.java:510)
	at com.sun.org.apache.xerces.internal.parsers.XML11Configuration.parse(XML11Configuration.java:848)
	at com.sun.org.apache.xerces.internal.parsers.XML11Configuration.parse(XML11Configuration.java:777)
	at com.sun.org.apache.xerces.internal.parsers.XMLParser.parse(XMLParser.java:141)
	at com.sun.org.apache.xerces.internal.parsers.DOMParser.parse(DOMParser.java:243)
	at com.sun.org.apache.xerces.internal.jaxp.DocumentBuilderImpl.parse(DocumentBuilderImpl.java:348)
	at javax.xml.parsers.DocumentBuilder.parse(DocumentBuilder.java:121)
	at com.sun.jsftemplating.layout.LayoutDefinitionManager.processTaglibXml(LayoutDefinitionManager.java:712)
	at com.sun.jsftemplating.layout.LayoutDefinitionManager.readComponentsFromTaglibXml(LayoutDefinitionManager.java:702)
	at com.sun.jsftemplating.layout.LayoutDefinitionManager.getGlobalComponentTypes(LayoutDefinitionManager.java:652)
	at com.sun.jsftemplating.layout.LayoutDefinitionManager.getGlobalComponentType(LayoutDefinitionManager.java:748)
	at com.sun.jsftemplating.layout.template.TemplateReader.createLayoutComponent(TemplateReader.java:352)
	at com.sun.jsftemplating.layout.template.BaseProcessingContext.beginComponent(BaseProcessingContext.java:50)
	at com.sun.jsftemplating.layout.template.TemplateReader.process(TemplateReader.java:312)
	at com.sun.jsftemplating.layout.template.TemplateReader.readLayoutDefinition(TemplateReader.java:172)
	at com.sun.jsftemplating.layout.template.TemplateReader.read(TemplateReader.java:129)
	at com.sun.jsftemplating.layout.template.TemplateWriterTest.testWrite1(TemplateWriterTest.java:40)
]]></error>
    <system-err><![CDATA[Aug 21, 2018 11:45:31 AM com.sun.jsftemplating.util.LogUtil severe
SEVERE: JSFT0002: The following Message ID was not found in the the com.sun.enterprise.tools.resource.LogMessages: No route to host
]]></system-err>
  </testcase>
</testsuite>