<?xml version="1.0" encoding="UTF-8"?>
<testsuite name="com.sun.jsftemplating.util.fileStreamer.ResourceContentSourceTest" time="0.011" tests="4" errors="0" skipped="0" failures="0">
  <properties>
[...]
</properties>
  <testcase name="removesExtraSlashesAndBackwardPaths" classname="com.sun.jsftemplating.util.fileStreamer.ResourceContentSourceTest" time="0.007"/>
  <testcase name="doesNotGoBackTooFar" classname="com.sun.jsftemplating.util.fileStreamer.ResourceContentSourceTest" time="0.001"/>
  <testcase name="normalizeDoesNotAccessContextRootParentWithLeadingSlash" classname="com.sun.jsftemplating.util.fileStreamer.ResourceContentSourceTest" time="0.002"/>
  <testcase name="normalizeDoesNotAccessContextRootParent" classname="com.sun.jsftemplating.util.fileStreamer.ResourceContentSourceTest" time="0.001"/>
</testsuite>